<?xml version="1.0" encoding="UTF-8"?>
<testng-results skipped="0" failed="0" ignored="0" total="1" passed="1">
  <reporter-output>
  </reporter-output>
  <suite name="Default suite" duration-ms="442" started-at="2019-03-17T15:38:43Z" finished-at="2019-03-17T15:38:43Z">
    <groups>
    </groups>
    <test name="Default test" duration-ms="442" started-at="2019-03-17T15:38:43Z" finished-at="2019-03-17T15:38:43Z">
      <class name="testClasses.TesrClassA">
        <test-method status="PASS" signature="tesTest()[pri:0, instance:testClasses.TesrClassA@6e4784bc]" name="tesTest" duration-ms="141" started-at="2019-03-17T15:38:43Z" finished-at="2019-03-17T15:38:43Z">
          <reporter-output>
          </reporter-output>
        </test-method> <!-- tesTest -->
      </class> <!-- testClasses.TesrClassA -->
    </test> <!-- Default test -->
  </suite> <!-- Default suite -->
</testng-results>
